Build started 12/22/2013 3:31:14 AM.
     1>Project "C:\Users\Aaron\Documents\GitHub\CastleDefense\Assignment 5\Assignment 5.vcxproj" on node 2 (Build target(s)).
     1>ClCompile:
         C:\Program Files (x86)\Microsoft Visual Studio 11.0\VC\bin\CL.exe /c /I"C:\SDL 1.2\include" /ZI /nologo /W3 /WX- /sdl /Od /Oy- /D _MBCS /Gm /EHsc /RTC1 /MDd /GS /fp:precise /Zc:wchar_t /Zc:forScope /Fo"Debug\\" /Fd"Debug\vc110.pdb" /Gd /TP /analyze- /errorReport:prompt main.cpp
         main.cpp
     1>c:\users\aaron\documents\github\castledefense\assignment 5\bullet.h(45): warning C4244: 'argument' : conversion from 'time_t' to 'unsigned int', possible loss of data
     1>c:\users\aaron\documents\github\castledefense\assignment 5\enemy.h(152): warning C4553: '==' : operator has no effect; did you intend '='?
     1>c:\users\aaron\documents\github\castledefense\assignment 5\enemy.h(252): warning C4553: '==' : operator has no effect; did you intend '='?
     1>c:\users\aaron\documents\github\castledefense\assignment 5\enemy.h(307): warning C4244: 'argument' : conversion from 'time_t' to 'unsigned int', possible loss of data
     1>c:\users\aaron\documents\github\castledefense\assignment 5\enemy.h(314): warning C4018: '<' : signed/unsigned mismatch
     1>c:\users\aaron\documents\github\castledefense\assignment 5\enemy.h(316): warning C4244: 'argument' : conversion from 'double' to 'int', possible loss of data
     1>c:\users\aaron\documents\github\castledefense\assignment 5\enemy.h(318): warning C4018: '<' : signed/unsigned mismatch
     1>c:\users\aaron\documents\github\castledefense\assignment 5\enemy.h(320): warning C4244: 'argument' : conversion from 'double' to 'int', possible loss of data
     1>c:\users\aaron\documents\github\castledefense\assignment 5\enemy.h(329): warning C4018: '<' : signed/unsigned mismatch
     1>c:\users\aaron\documents\github\castledefense\assignment 5\enemy.h(340): warning C4018: '<' : signed/unsigned mismatch
     1>c:\users\aaron\documents\github\castledefense\assignment 5\enemy.h(426): warning C4018: '<' : signed/unsigned mismatch
     1>c:\users\aaron\documents\github\castledefense\assignment 5\enemy.h(435): warning C4018: '<' : signed/unsigned mismatch
     1>c:\users\aaron\documents\github\castledefense\assignment 5\enemy.h(493): warning C4244: '-=' : conversion from 'double' to 'int', possible loss of data
     1>c:\users\aaron\documents\github\castledefense\assignment 5\enemy.h(506): warning C4244: '-=' : conversion from 'double' to 'int', possible loss of data
     1>c:\users\aaron\documents\github\castledefense\assignment 5\enemy.h(534): warning C4018: '<' : signed/unsigned mismatch
     1>c:\users\aaron\documents\github\castledefense\assignment 5\gun.h(38): warning C4018: '<' : signed/unsigned mismatch
     1>c:\users\aaron\documents\github\castledefense\assignment 5\gun.h(48): warning C4244: 'argument' : conversion from 'double' to 'int', possible loss of data
     1>c:\users\aaron\documents\github\castledefense\assignment 5\game.h(53): warning C4244: 'argument' : conversion from 'time_t' to 'unsigned int', possible loss of data
     1>c:\users\aaron\documents\github\castledefense\assignment 5\game.h(111): warning C4244: '=' : conversion from 'const double' to 'int', possible loss of data
     1>c:\users\aaron\documents\github\castledefense\assignment 5\game.h(133): warning C4018: '<' : signed/unsigned mismatch
     1>c:\users\aaron\documents\github\castledefense\assignment 5\gun.h(50): warning C4715: 'Gun::fireGuns' : not all control paths return a value
     1>c:\users\aaron\documents\github\castledefense\assignment 5\enemy.h(594): warning C4715: 'Enemy::getHeight<Wizard>' : not all control paths return a value
     1>c:\users\aaron\documents\github\castledefense\assignment 5\enemy.h(580): warning C4715: 'Enemy::getWidth<Wizard>' : not all control paths return a value
     1>c:\users\aaron\documents\github\castledefense\assignment 5\enemy.h(608): warning C4715: 'Enemy::getImage<Wizard>' : not all control paths return a value
     1>c:\users\aaron\documents\github\castledefense\assignment 5\enemy.h(594): warning C4715: 'Enemy::getHeight<Minion>' : not all control paths return a value
     1>c:\users\aaron\documents\github\castledefense\assignment 5\enemy.h(580): warning C4715: 'Enemy::getWidth<Minion>' : not all control paths return a value
     1>c:\users\aaron\documents\github\castledefense\assignment 5\enemy.h(608): warning C4715: 'Enemy::getImage<Minion>' : not all control paths return a value
       Link:
         C:\Program Files (x86)\Microsoft Visual Studio 11.0\VC\bin\link.exe /ERRORREPORT:PROMPT /OUT:"C:\Users\Aaron\Documents\GitHub\CastleDefense\Debug\Castle Defense.exe" /INCREMENTAL /NOLOGO /LIBPATH:"C:\SDL 1.2\lib\x86" SDL.lib SDLmain.lib SDL_ttf.lib kernel32.lib user32.lib gdi32.lib winspool.lib comdlg32.lib advapi32.lib shell32.lib ole32.lib oleaut32.lib uuid.lib odbc32.lib odbccp32.lib /MANIFEST /MANIFESTUAC:"level='asInvoker' uiAccess='false'" /manifest:embed /DEBUG /PDB:"C:\Users\Aaron\Documents\GitHub\CastleDefense\Debug\Castle Defense.pdb" /SUBSYSTEM:CONSOLE /TLBID:1 /DYNAMICBASE /NXCOMPAT /IMPLIB:"C:\Users\Aaron\Documents\GitHub\CastleDefense\Debug\Castle Defense.lib" /MACHINE:X86 Debug\main.obj
         Assignment 5.vcxproj -> C:\Users\Aaron\Documents\GitHub\CastleDefense\Debug\Castle Defense.exe
     1>Done Building Project "C:\Users\Aaron\Documents\GitHub\CastleDefense\Assignment 5\Assignment 5.vcxproj" (Build target(s)).

Build succeeded.

Time Elapsed 00:00:10.79
