C:\USERS\CHRIS\DOCUMENTS\GITHUB\CASTLEDEFENSE\ASSIGNMENT 5\DEBUG\VC110.PDB
C:\USERS\CHRIS\DOCUMENTS\GITHUB\CASTLEDEFENSE\ASSIGNMENT 5\DEBUG\MAIN.OBJ
C:\USERS\CHRIS\DOCUMENTS\GITHUB\CASTLEDEFENSE\DEBUG\CASTLE DEFENSE.ILK
C:\USERS\CHRIS\DOCUMENTS\GITHUB\CASTLEDEFENSE\DEBUG\CASTLE DEFENSE.EXE
C:\USERS\CHRIS\DOCUMENTS\GITHUB\CASTLEDEFENSE\DEBUG\CASTLE DEFENSE.PDB
C:\Users\Chris\Documents\GitHub\CastleDefense\Assignment 5\Debug\main.obj
C:\Users\Chris\Documents\GitHub\CastleDefense\Assignment 5\Debug\cl.command.1.tlog
C:\Users\Chris\Documents\GitHub\CastleDefense\Assignment 5\Debug\CL.read.1.tlog
C:\Users\Chris\Documents\GitHub\CastleDefense\Assignment 5\Debug\CL.write.1.tlog
C:\Users\Chris\Documents\GitHub\CastleDefense\Assignment 5\Debug\link-cvtres.read.1.tlog
C:\Users\Chris\Documents\GitHub\CastleDefense\Assignment 5\Debug\link-cvtres.write.1.tlog
C:\Users\Chris\Documents\GitHub\CastleDefense\Assignment 5\Debug\link-rc.read.1.tlog
C:\Users\Chris\Documents\GitHub\CastleDefense\Assignment 5\Debug\link-rc.write.1.tlog
C:\Users\Chris\Documents\GitHub\CastleDefense\Assignment 5\Debug\link.command.1.tlog
C:\Users\Chris\Documents\GitHub\CastleDefense\Assignment 5\Debug\link.read.1.tlog
C:\Users\Chris\Documents\GitHub\CastleDefense\Assignment 5\Debug\link.write.1.tlog
C:\Users\Chris\Documents\GitHub\CastleDefense\Assignment 5\Debug\vc110.idb
C:\Users\Chris\Documents\GitHub\CastleDefense\Assignment 5\Debug\vc110.pdb
C:\Users\Chris\Documents\GitHub\CastleDefense\Debug\Castle Defense.pdb
C:\Users\Chris\Documents\GitHub\CastleDefense\Debug\Castle Defense.exe
C:\Users\Chris\Documents\GitHub\CastleDefense\Debug\Castle Defense.ilk
